Starting batch sync process...

--- Processing Pair 1 of 1 ---
Local: /Users/lukasfiller/Library/CloudStorage/OneDrive-DKIAsia-PacificCenterforSecurityStudies/APCSS_Docs/Contract Work/UVa/data_acq_plan/not_gdocd
Remote URL: https://drive.google.com/drive/folders/1Hu9qVAeNIOgqoz2ufTM25Ip7my44Pjg3
Validated Local Path: /Users/lukasfiller/Library/CloudStorage/OneDrive-DKIAsia-PacificCenterforSecurityStudies/APCSS_Docs/Contract Work/UVa/data_acq_plan/not_gdocd
Extracted GDrive ID: 1Hu9qVAeNIOgqoz2ufTM25Ip7my44Pjg3

Starting sync and conversion process...
Checking for existing files in Google Drive folder ID: 1Hu9qVAeNIOgqoz2ufTM25Ip7my44Pjg3...
Found 56 existing files in remote.
Found 10 new files to process.

[1/10] Processing: 'Technological Foresight Practical Exploration Experience of Global Future Industry Development_zh.md'
  Converting to HTML with pandoc...
  Conversion successful.
  Uploading to Google Drive with rclone...
  Successfully uploaded 'Technological Foresight Practical Exploration Experience of Global Future Industry Development_zh' as a Google Doc.

[2/10] Processing: 'MIIT & 7 departments future industrial innovation and development of the implementation of opinions_zh.md'
  Converting to HTML with pandoc...
  Conversion successful.
  Uploading to Google Drive with rclone...
  Successfully uploaded 'MIIT & 7 departments future industrial innovation and development of the implementation of opinions_zh' as a Google Doc.

[3/10] Processing: 'Recognize and grasp new opportunities for future industrial development _zh.md'
  Converting to HTML with pandoc...
  Conversion successful.
  Uploading to Google Drive with rclone...
  Successfully uploaded 'Recognize and grasp new opportunities for future industrial development _zh' as a Google Doc.

[4/10] Processing: 'Classification of Strategic Emerging Industries (2018).md'
  Converting to HTML with pandoc...
  Conversion successful.
  Uploading to Google Drive with rclone...
  Successfully uploaded 'Classification of Strategic Emerging Industries (2018)' as a Google Doc.

[5/10] Processing: 'Strategy and Power- The Role and Impact of Commercial Subjects in the Militarization ofAI_zh.md'
  Converting to HTML with pandoc...
  Conversion successful.
  Uploading to Google Drive with rclone...
  Successfully uploaded 'Strategy and Power- The Role and Impact of Commercial Subjects in the Militarization ofAI_zh' as a Google Doc.

[6/10] Processing: 'Future Industry Outlook_zh.md'
  Converting to HTML with pandoc...
  Conversion successful.
  Uploading to Google Drive with rclone...
  Successfully uploaded 'Future Industry Outlook_zh' as a Google Doc.

[7/10] Processing: 'Guidelines for building national data infrastructures_zh.md'
  Converting to HTML with pandoc...
  Conversion successful.
  Uploading to Google Drive with rclone...
  Successfully uploaded 'Guidelines for building national data infrastructures_zh' as a Google Doc.

[8/10] Processing: 'Current status and policy recommendations on the development of dual-use technologies in China_zh.md'
  Converting to HTML with pandoc...
  Conversion successful.
  Uploading to Google Drive with rclone...
  Successfully uploaded 'Current status and policy recommendations on the development of dual-use technologies in China_zh' as a Google Doc.

[9/10] Processing: '8 emerging industries + 9 future industries, four departments deploy these actions!_zh.md'
  Converting to HTML with pandoc...
  Conversion successful.
  Uploading to Google Drive with rclone...
  Successfully uploaded '8 emerging industries + 9 future industries, four departments deploy these actions!_zh' as a Google Doc.

[10/10] Processing: 'Breaking and Holding the Game- New Propositions on Frontier Technologies and National Security_zh.md'
  Converting to HTML with pandoc...
  Conversion successful.
  Uploading to Google Drive with rclone...
  Successfully uploaded 'Breaking and Holding the Game- New Propositions on Frontier Technologies and National Security_zh' as a Google Doc.

--- Batch sync process complete. ---
